<?xml version="1.0" encoding="UTF-8"?>
<!-- Generated by org.testng.reporters.JUnitReportReporter -->
<testsuite hostname="ShubhamPC" failures="0" tests="1" name="tests.SampleWebTest" time="207.193" errors="0" timestamp="2025-06-22T10:52:16 IST" skipped="0">
  <testcase classname="tests.SampleWebTest" name="validateTitle" time="207.193"/>
  <system-out/>
</testsuite> <!-- tests.SampleWebTest -->
