<?xml version="1.0" encoding="UTF-8"?>
<!-- Generated by org.testng.reporters.JUnitReportReporter -->
<testsuite hostname="ShubhamPC" failures="0" tests="1" name="tests.SampleWebTest" time="304.665" errors="0" timestamp="2025-06-22T10:51:30 IST" skipped="0">
  <testcase classname="tests.SampleWebTest" name="validateTitle" time="304.665"/>
  <system-out/>
</testsuite> <!-- tests.SampleWebTest -->
